# JRE version: Java(TM) SE Runtime Environment 18.9 (11.0.13+10) (build 11.0.13+10-LTS-370)
# Java VM: Java HotSpot(TM) 64-Bit Server VM 18.9 (11.0.13+10-LTS-370, mixed mode, tiered, compressed oops, g1 gc, windows-amd64)
Heap:
 garbage-first heap   total 157696K, used 19899K [0x0000000081600000, 0x0000000100000000)
  region size 1024K, 6 young (6144K), 6 survivors (6144K)
 Metaspace       used 39800K, capacity 40946K, committed 41216K, reserved 1085440K
  class space    used 4836K, capacity 5318K, committed 5376K, reserved 1048576K
GC Heap History (10 events):
Event: 3.667 GC heap after
{Heap after GC invocations=3 (full 0):
 garbage-first heap   total 131072K, used 10084K [0x0000000081600000, 0x0000000100000000)
  region size 1024K, 2 young (2048K), 2 survivors (2048K)
 Metaspace       used 14587K, capacity 15184K, committed 15360K, reserved 1062912K
  class space    used 1533K, capacity 1742K, committed 1792K, reserved 1048576K
}
Event: 5.503 GC heap before
{Heap before GC invocations=3 (full 0):
 garbage-first heap   total 131072K, used 51044K [0x0000000081600000, 0x0000000100000000)
  region size 1024K, 43 young (44032K), 2 survivors (2048K)
 Metaspace       used 20327K, capacity 21082K, committed 21248K, reserved 1069056K
  class space    used 2283K, capacity 2546K, committed 2560K, reserved 1048576K
}
Event: 5.516 GC heap after
{Heap after GC invocations=4 (full 0):
 garbage-first heap   total 131072K, used 11850K [0x0000000081600000, 0x0000000100000000)
  region size 1024K, 4 young (4096K), 4 survivors (4096K)
 Metaspace       used 20327K, capacity 21082K, committed 21248K, reserved 1069056K
  class space    used 2283K, capacity 2546K, committed 2560K, reserved 1048576K
}
Event: 7.373 GC heap before
{Heap before GC invocations=5 (full 0):
 garbage-first heap   total 131072K, used 68170K [0x0000000081600000, 0x0000000100000000)
  region size 1024K, 59 young (60416K), 4 survivors (4096K)
 Metaspace       used 26225K, capacity 27115K, committed 27392K, reserved 1073152K
  class space    used 3144K, capacity 3495K, committed 3584K, reserved 1048576K
}
Event: 7.397 GC heap after
{Heap after GC invocations=6 (full 0):
 garbage-first heap   total 131072K, used 14129K [0x0000000081600000, 0x0000000100000000)
  region size 1024K, 6 young (6144K), 6 survivors (6144K)
 Metaspace       used 26225K, capacity 27115K, committed 27392K, reserved 1073152K
  class space    used 3144K, capacity 3495K, committed 3584K, reserved 1048576K
}
Event: 8.805 GC heap before
{Heap before GC invocations=6 (full 0):
 garbage-first heap   total 131072K, used 77617K [0x0000000081600000, 0x0000000100000000)
  region size 1024K, 69 young (70656K), 6 survivors (6144K)
 Metaspace       used 32850K, capacity 33879K, committed 34048K, reserved 1079296K
  class space    used 3928K, capacity 4333K, committed 4352K, reserved 1048576K
}
Event: 8.825 GC heap after
{Heap after GC invocations=7 (full 0):
 garbage-first heap   total 131072K, used 16543K [0x0000000081600000, 0x0000000100000000)
  region size 1024K, 7 young (7168K), 7 survivors (7168K)
 Metaspace       used 32850K, capacity 33879K, committed 34048K, reserved 1079296K
  class space    used 3928K, capacity 4333K, committed 4352K, reserved 1048576K
}
Event: 9.649 GC heap before
{Heap before GC invocations=7 (full 0):
 garbage-first heap   total 131072K, used 63647K [0x0000000081600000, 0x0000000100000000)
  region size 1024K, 55 young (56320K), 7 survivors (7168K)
 Metaspace       used 34420K, capacity 35467K, committed 35584K, reserved 1081344K
  class space    used 4129K, capacity 4548K, committed 4608K, reserved 1048576K
}
Event: 9.666 GC heap after
{Heap after GC invocations=8 (full 0):
 garbage-first heap   total 131072K, used 17712K [0x0000000081600000, 0x0000000100000000)
  region size 1024K, 6 young (6144K), 6 survivors (6144K)
 Metaspace       used 34420K, capacity 35467K, committed 35584K, reserved 1081344K
  class space    used 4129K, capacity 4548K, committed 4608K, reserved 1048576K
}
Event: 13.392 GC heap before
{Heap before GC invocations=9 (full 0):
 garbage-first heap   total 131072K, used 89392K [0x0000000081600000, 0x0000000100000000)
  region size 1024K, 76 young (77824K), 6 survivors (6144K)
 Metaspace       used 39800K, capacity 40946K, committed 41216K, reserved 1085440K
  class space    used 4836K, capacity 5318K, committed 5376K, reserved 1048576K
}

